<?xml version="1.0" encoding="UTF-8"?>
<!-- Generated by org.testng.reporters.JUnitXMLReporter -->
<testsuite hostname="LAPTOP-P1K0C3AV" ignored="8" name="Test" tests="3" failures="0" timestamp="2022-02-14T12:08:50 IST" time="38.679" errors="0">
  <testcase name="rechrg_TC_06" time="3.328" classname="com.crm.justdial.billsandrechargetest.PrepaidRecharge"/>
  <testcase name="TC_01Test" time="10.506" classname="com.crm.justdial.automobiletest.SelectAutomobileTest"/>
  <testcase name="b2b_TC_002Test" time="5.131" classname="com.crm.justdial.b2btest.AskPriceTest"/>
  <testcase name="@AfterTest closeBrowser" time="0.0" classname="com.crm.justdial.genericutility.BaseClass">
    <ignored/>
  </testcase> <!-- @AfterTest closeBrowser -->
  <testcase name="@AfterTest closeBrowser" time="0.0" classname="com.crm.justdial.genericutility.BaseClass">
    <ignored/>
  </testcase> <!-- @AfterTest closeBrowser -->
  <testcase name="@BeforeSuite dbConnectionOpen" time="0.0" classname="com.crm.justdial.genericutility.BaseClass">
    <ignored/>
  </testcase> <!-- @BeforeSuite dbConnectionOpen -->
  <testcase name="@BeforeSuite dbConnectionOpen" time="0.0" classname="com.crm.justdial.genericutility.BaseClass">
    <ignored/>
  </testcase> <!-- @BeforeSuite dbConnectionOpen -->
  <testcase name="@AfterSuite dbConnectionClose" time="0.0" classname="com.crm.justdial.genericutility.BaseClass">
    <ignored/>
  </testcase> <!-- @AfterSuite dbConnectionClose -->
  <testcase name="@AfterSuite dbConnectionClose" time="0.0" classname="com.crm.justdial.genericutility.BaseClass">
    <ignored/>
  </testcase> <!-- @AfterSuite dbConnectionClose -->
  <testcase name="@BeforeTest openBrowser" time="0.0" classname="com.crm.justdial.genericutility.BaseClass">
    <ignored/>
  </testcase> <!-- @BeforeTest openBrowser -->
  <testcase name="@BeforeTest openBrowser" time="0.0" classname="com.crm.justdial.genericutility.BaseClass">
    <ignored/>
  </testcase> <!-- @BeforeTest openBrowser -->
</testsuite> <!-- Test -->
