<?xml version="1.0" encoding="UTF-8"?>
<testng-results skipped="0" failed="1" ignored="0" total="1" passed="0">
  <reporter-output>
    <line>
      <![CDATA[Database Connection is Successful]]>
    </line>
    <line>
      <![CDATA[Before Test Running]]>
    </line>
    <line>
      <![CDATA[Browser Opened Successfully]]>
    </line>
    <line>
      <![CDATA[URL Opened Successfully]]>
    </line>
    <line>
      <![CDATA[Login Skipped Successfully]]>
    </line>
    <line>
      <![CDATA[Entered into Automobile Link]]>
    </line>
    <line>
      <![CDATA[Entered into NewCars Link]]>
    </line>
    <line>
      <![CDATA[LogOff Skipped Successfully]]>
    </line>
    <line>
      <![CDATA[URL Closed Successfully]]>
    </line>
    <line>
      <![CDATA[Browser Closed Successfully]]>
    </line>
    <line>
      <![CDATA[Database Connection is Closed]]>
    </line>
  </reporter-output>
  <suite name="Default suite" duration-ms="47089" started-at="2022-02-15T14:25:47 IST" finished-at="2022-02-15T14:26:34 IST">
    <groups>
    </groups>
    <test name="Default test" duration-ms="47089" started-at="2022-02-15T14:25:47 IST" finished-at="2022-02-15T14:26:34 IST">
      <class name="com.crm.justdial.automobiletest.SelectAutomobileTest">
        <test-method status="PASS" signature="dbConnectionOpen()[pri:0, instance:com.crm.justdial.automobiletest.SelectAutomobileTest@5891e32e]" name="dbConnectionOpen" is-config="true" duration-ms="8" started-at="2022-02-15T14:25:47 IST" finished-at="2022-02-15T14:25:47 IST">
          <reporter-output>
            <line>
              <![CDATA[Database Connection is Successful]]>
            </line>
          </reporter-output>
        </test-method> <!-- dbConnectionOpen -->
        <test-method status="PASS" signature="openBrowser()[pri:0, instance:com.crm.justdial.automobiletest.SelectAutomobileTest@5891e32e]" name="openBrowser" is-config="true" duration-ms="1" started-at="2022-02-15T14:25:47 IST" finished-at="2022-02-15T14:25:47 IST">
          <reporter-output>
            <line>
              <![CDATA[Before Test Running]]>
            </line>
          </reporter-output>
        </test-method> <!-- openBrowser -->
        <test-method status="PASS" signature="openUrl()[pri:0, instance:com.crm.justdial.automobiletest.SelectAutomobileTest@5891e32e]" name="openUrl" is-config="true" duration-ms="7680" started-at="2022-02-15T14:25:47 IST" finished-at="2022-02-15T14:25:55 IST">
          <reporter-output>
            <line>
              <![CDATA[Browser Opened Successfully]]>
            </line>
            <line>
              <![CDATA[URL Opened Successfully]]>
            </line>
          </reporter-output>
        </test-method> <!-- openUrl -->
        <test-method status="PASS" signature="login()[pri:0, instance:com.crm.justdial.automobiletest.SelectAutomobileTest@5891e32e]" name="login" is-config="true" duration-ms="1" started-at="2022-02-15T14:25:55 IST" finished-at="2022-02-15T14:25:55 IST">
          <reporter-output>
            <line>
              <![CDATA[Login Skipped Successfully]]>
            </line>
          </reporter-output>
        </test-method> <!-- login -->
        <test-method status="FAIL" signature="TC_01Test()[pri:0, instance:com.crm.justdial.automobiletest.SelectAutomobileTest@5891e32e]" name="TC_01Test" duration-ms="38753" started-at="2022-02-15T14:25:55 IST" finished-at="2022-02-15T14:26:34 IST">
          <exception class="org.openqa.selenium.NoSuchElementException">
            <message>
              <![CDATA[no such element: Unable to locate element: {"method":"xpath","selector":"//input[@value='Mahindra']"}
  (Session info: MicrosoftEdge=98.0.1108.50)
For documentation on this error, please visit: https://www.seleniumhq.org/exceptions/no_such_element.html
Build info: version: '3.141.59', revision: 'e82be7d358', time: '2018-11-14T08:17:03'
System info: host: 'LAPTOP-P1K0C3AV', ip: '192.168.25.124', os.name: 'Windows 10', os.arch: 'amd64', os.version: '10.0', java.version: '1.8.0_291'
Driver info: org.openqa.selenium.edge.EdgeDriver
Capabilities {acceptInsecureCerts: false, browserName: msedge, browserVersion: 98.0.1108.50, javascriptEnabled: true, ms:edgeOptions: {debuggerAddress: localhost:65304}, msedge: {msedgedriverVersion: 98.0.1108.50 (4203d3deac4b8..., userDataDir: C:\Users\AMITABHA\AppData\L...}, networkConnectionEnabled: false, pageLoadStrategy: normal, platform: WINDOWS, platformName: WINDOWS, proxy: Proxy(), setWindowRect: true, strictFileInteractability: false, timeouts: {implicit: 0, pageLoad: 300000, script: 30000}, unhandledPromptBehavior: dismiss and notify, webauthn:extension:credBlob: true, webauthn:extension:largeBlob: true, webauthn:virtualAuthenticators: true}
Session ID: 70c9c16a97c449462ab17e9af1dc26ab
*** Element info: {Using=xpath, value=//input[@value='Mahindra']}]]>
            </message>
            <full-stacktrace>
              <![CDATA[org.openqa.selenium.NoSuchElementException: no such element: Unable to locate element: {"method":"xpath","selector":"//input[@value='Mahindra']"}
  (Session info: MicrosoftEdge=98.0.1108.50)
For documentation on this error, please visit: https://www.seleniumhq.org/exceptions/no_such_element.html
Build info: version: '3.141.59', revision: 'e82be7d358', time: '2018-11-14T08:17:03'
System info: host: 'LAPTOP-P1K0C3AV', ip: '192.168.25.124', os.name: 'Windows 10', os.arch: 'amd64', os.version: '10.0', java.version: '1.8.0_291'
Driver info: org.openqa.selenium.edge.EdgeDriver
Capabilities {acceptInsecureCerts: false, browserName: msedge, browserVersion: 98.0.1108.50, javascriptEnabled: true, ms:edgeOptions: {debuggerAddress: localhost:65304}, msedge: {msedgedriverVersion: 98.0.1108.50 (4203d3deac4b8..., userDataDir: C:\Users\AMITABHA\AppData\L...}, networkConnectionEnabled: false, pageLoadStrategy: normal, platform: WINDOWS, platformName: WINDOWS, proxy: Proxy(), setWindowRect: true, strictFileInteractability: false, timeouts: {implicit: 0, pageLoad: 300000, script: 30000}, unhandledPromptBehavior: dismiss and notify, webauthn:extension:credBlob: true, webauthn:extension:largeBlob: true, webauthn:virtualAuthenticators: true}
Session ID: 70c9c16a97c449462ab17e9af1dc26ab
*** Element info: {Using=xpath, value=//input[@value='Mahindra']}
at sun.reflect.NativeConstructorAccessorImpl.newInstance0(Native Method)
at sun.reflect.NativeConstructorAccessorImpl.newInstance(NativeConstructorAccessorImpl.java:62)
at sun.reflect.DelegatingConstructorAccessorImpl.newInstance(DelegatingConstructorAccessorImpl.java:45)
at java.lang.reflect.Constructor.newInstance(Constructor.java:423)
at org.openqa.selenium.remote.http.W3CHttpResponseCodec.createException(W3CHttpResponseCodec.java:187)
at org.openqa.selenium.remote.http.W3CHttpResponseCodec.decode(W3CHttpResponseCodec.java:122)
at org.openqa.selenium.remote.http.W3CHttpResponseCodec.decode(W3CHttpResponseCodec.java:49)
at org.openqa.selenium.remote.HttpCommandExecutor.execute(HttpCommandExecutor.java:158)
at org.openqa.selenium.remote.service.DriverCommandExecutor.execute(DriverCommandExecutor.java:83)
at org.openqa.selenium.remote.RemoteWebDriver.execute(RemoteWebDriver.java:552)
at org.openqa.selenium.remote.RemoteWebDriver.findElement(RemoteWebDriver.java:323)
at org.openqa.selenium.remote.RemoteWebDriver.findElementByXPath(RemoteWebDriver.java:428)
at org.openqa.selenium.By$ByXPath.findElement(By.java:353)
at org.openqa.selenium.remote.RemoteWebDriver.findElement(RemoteWebDriver.java:315)
at org.openqa.selenium.support.pagefactory.DefaultElementLocator.findElement(DefaultElementLocator.java:69)
at org.openqa.selenium.support.pagefactory.internal.LocatingElementHandler.invoke(LocatingElementHandler.java:38)
at com.sun.proxy.$Proxy18.click(Unknown Source)
at com.crm.justdial.objectrepository.NewCarsPage.selectBrand(NewCarsPage.java:144)
at com.crm.justdial.automobiletest.SelectAutomobileTest.TC_01Test(SelectAutomobileTest.java:51)
at sun.reflect.NativeMethodAccessorImpl.invoke0(Native Method)
at sun.reflect.NativeMethodAccessorImpl.invoke(NativeMethodAccessorImpl.java:62)
at sun.reflect.DelegatingMethodAccessorImpl.invoke(DelegatingMethodAccessorImpl.java:43)
at java.lang.reflect.Method.invoke(Method.java:498)
at org.testng.internal.MethodInvocationHelper.invokeMethod(MethodInvocationHelper.java:133)
at org.testng.internal.TestInvoker.invokeMethod(TestInvoker.java:598)
at org.testng.internal.TestInvoker.invokeTestMethod(TestInvoker.java:173)
at org.testng.internal.MethodRunner.runInSequence(MethodRunner.java:46)
at org.testng.internal.TestInvoker$MethodInvocationAgent.invoke(TestInvoker.java:824)
at org.testng.internal.TestInvoker.invokeTestMethods(TestInvoker.java:146)
at org.testng.internal.TestMethodWorker.invokeTestMethods(TestMethodWorker.java:146)
at org.testng.internal.TestMethodWorker.run(TestMethodWorker.java:128)
at java.util.ArrayList.forEach(ArrayList.java:1259)
at org.testng.TestRunner.privateRun(TestRunner.java:794)
at org.testng.TestRunner.run(TestRunner.java:596)
at org.testng.SuiteRunner.runTest(SuiteRunner.java:377)
at org.testng.SuiteRunner.runSequentially(SuiteRunner.java:371)
at org.testng.SuiteRunner.privateRun(SuiteRunner.java:332)
at org.testng.SuiteRunner.run(SuiteRunner.java:276)
at org.testng.SuiteRunnerWorker.runSuite(SuiteRunnerWorker.java:53)
at org.testng.SuiteRunnerWorker.run(SuiteRunnerWorker.java:96)
at org.testng.TestNG.runSuitesSequentially(TestNG.java:1212)
at org.testng.TestNG.runSuitesLocally(TestNG.java:1134)
at org.testng.TestNG.runSuites(TestNG.java:1063)
at org.testng.TestNG.run(TestNG.java:1031)
at org.testng.remote.AbstractRemoteTestNG.run(AbstractRemoteTestNG.java:115)
at org.testng.remote.RemoteTestNG.initAndRun(RemoteTestNG.java:251)
at org.testng.remote.RemoteTestNG.main(RemoteTestNG.java:77)
]]>
            </full-stacktrace>
          </exception> <!-- org.openqa.selenium.NoSuchElementException -->
          <reporter-output>
            <line>
              <![CDATA[Entered into Automobile Link]]>
            </line>
            <line>
              <![CDATA[Entered into NewCars Link]]>
            </line>
          </reporter-output>
        </test-method> <!-- TC_01Test -->
        <test-method status="PASS" signature="logoff()[pri:0, instance:com.crm.justdial.automobiletest.SelectAutomobileTest@5891e32e]" name="logoff" is-config="true" duration-ms="0" started-at="2022-02-15T14:26:34 IST" finished-at="2022-02-15T14:26:34 IST">
          <reporter-output>
            <line>
              <![CDATA[LogOff Skipped Successfully]]>
            </line>
          </reporter-output>
        </test-method> <!-- logoff -->
        <test-method status="PASS" signature="closeUrl()[pri:0, instance:com.crm.justdial.automobiletest.SelectAutomobileTest@5891e32e]" name="closeUrl" is-config="true" duration-ms="0" started-at="2022-02-15T14:26:34 IST" finished-at="2022-02-15T14:26:34 IST">
          <reporter-output>
            <line>
              <![CDATA[URL Closed Successfully]]>
            </line>
          </reporter-output>
        </test-method> <!-- closeUrl -->
        <test-method status="PASS" signature="closeBrowser()[pri:0, instance:com.crm.justdial.automobiletest.SelectAutomobileTest@5891e32e]" name="closeBrowser" is-config="true" duration-ms="0" started-at="2022-02-15T14:26:34 IST" finished-at="2022-02-15T14:26:34 IST">
          <reporter-output>
            <line>
              <![CDATA[Browser Closed Successfully]]>
            </line>
          </reporter-output>
        </test-method> <!-- closeBrowser -->
        <test-method status="PASS" signature="dbConnectionClose()[pri:0, instance:com.crm.justdial.automobiletest.SelectAutomobileTest@5891e32e]" name="dbConnectionClose" is-config="true" duration-ms="1" started-at="2022-02-15T14:26:35 IST" finished-at="2022-02-15T14:26:35 IST">
          <reporter-output>
            <line>
              <![CDATA[Database Connection is Closed]]>
            </line>
          </reporter-output>
        </test-method> <!-- dbConnectionClose -->
      </class> <!-- com.crm.justdial.automobiletest.SelectAutomobileTest -->
    </test> <!-- Default test -->
  </suite> <!-- Default suite -->
</testng-results>
